{"error":{"statusCode":400},"level":"error","message":"Failed to redirect url","timestamp":"2025-01-12T19:10:44.656Z"}
{"error":{"statusCode":400},"level":"error","message":"Failed to update my url","timestamp":"2025-01-12T19:26:58.463Z"}
{"error":{"statusCode":401},"level":"error","message":"Failed to update my url","timestamp":"2025-01-12T19:27:07.813Z"}
{"error":{"statusCode":401},"level":"error","message":"Failed to update my url","timestamp":"2025-01-12T19:27:38.221Z"}
{"error":{"statusCode":401},"level":"error","message":"Failed to update my url","timestamp":"2025-01-12T19:27:47.018Z"}
{"error":{"statusCode":401},"level":"error","message":"Failed to update my url","timestamp":"2025-01-12T19:27:52.848Z"}
{"error":{"statusCode":401},"level":"error","message":"Failed to update my url","timestamp":"2025-01-12T19:28:55.738Z"}
{"error":{"statusCode":400},"level":"error","message":"Failed to redirect url","timestamp":"2025-01-12T22:42:05.689Z"}
{"error":{"statusCode":400},"level":"error","message":"Failed to delete my urls","timestamp":"2025-01-13T00:31:44.070Z"}
{"error":{"statusCode":401},"level":"error","message":"Failed to delete my urls","timestamp":"2025-01-13T00:31:48.365Z"}
{"error":{"statusCode":400},"level":"error","message":"Failed to redirect url","timestamp":"2025-01-13T01:03:17.728Z"}
{"error":{"statusCode":400},"level":"error","message":"Failed to redirect url","timestamp":"2025-01-13T01:28:35.011Z"}
{"error":{"statusCode":400},"level":"error","message":"Failed to redirect url","timestamp":"2025-01-13T01:34:51.800Z"}
{"error":{"statusCode":400},"level":"error","message":"Failed to redirect url","timestamp":"2025-01-13T01:40:49.644Z"}
{"error":{"statusCode":400},"level":"error","message":"Failed to redirect url","timestamp":"2025-01-13T01:41:07.408Z"}
{"error":{"statusCode":400},"level":"error","message":"Failed to redirect url","timestamp":"2025-01-13T01:44:10.944Z"}
{"error":{"statusCode":400},"level":"error","message":"Failed to redirect url","timestamp":"2025-01-13T01:52:11.276Z"}
{"error":{},"level":"error","message":"Failed to list my urls","timestamp":"2025-01-13T02:03:53.808Z"}
{"error":{},"level":"error","message":"Failed to list my urls","timestamp":"2025-01-13T02:06:31.829Z"}
{"error":{"statusCode":400},"level":"error","message":"Failed to delete my urls","timestamp":"2025-01-13T05:40:52.422Z"}
{"error":{"statusCode":400},"level":"error","message":"Failed to delete my urls","timestamp":"2025-01-13T05:40:57.335Z"}
{"error":{"statusCode":400},"level":"error","message":"Failed to delete my urls","timestamp":"2025-01-13T05:41:01.196Z"}
{"error":{"statusCode":401},"level":"error","message":"Failed to delete my urls","timestamp":"2025-01-13T05:41:18.472Z"}
{"error":{},"level":"error","message":"Failed to create url","timestamp":"2025-01-13T09:13:08.637Z"}
{"error":{},"level":"error","message":"Failed to create url","timestamp":"2025-01-13T09:15:06.721Z"}
{"error":{},"level":"error","message":"Failed to create url","timestamp":"2025-01-13T09:15:31.862Z"}
{"error":{},"level":"error","message":"Failed to create url","timestamp":"2025-01-13T09:16:21.453Z"}
{"error":{},"level":"error","message":"Failed to create url","timestamp":"2025-01-13T09:16:46.054Z"}
{"error":{},"level":"error","message":"Failed to create url","timestamp":"2025-01-13T09:18:32.610Z"}
{"error":{"statusCode":400},"level":"error","message":"Failed to delete my urls","timestamp":"2025-01-13T09:25:27.403Z"}
{"error":{"statusCode":400},"level":"error","message":"Failed to delete my urls","timestamp":"2025-01-13T09:26:36.590Z"}
{"error":{"statusCode":401},"level":"error","message":"Failed to delete my urls","timestamp":"2025-01-13T09:26:48.764Z"}
{"error":{"statusCode":401},"level":"error","message":"Failed to update my url","timestamp":"2025-01-13T09:32:39.967Z"}
{"error":{"statusCode":401},"level":"error","message":"Failed to delete my urls","timestamp":"2025-01-13T09:33:31.067Z"}
